<?xml version="1.0" encoding="UTF-8"?>
<!-- Generated by org.testng.reporters.JUnitReportReporter -->
<testsuite hostname="VijayKumar" failures="0" tests="1" name="driverMethod.InstallApp" time="6.864" errors="0" timestamp="2022-07-05T14:45:04 IST" skipped="0">
  <testcase classname="driverMethod.InstallApp" name="installTouchScreenTestApp" time="6.864"/>
  <system-out/>
</testsuite> <!-- driverMethod.InstallApp -->
