<?xml version="1.0" encoding="UTF-8"?>
<!-- Generated by org.testng.reporters.JUnitReportReporter -->
<testsuite hostname="VijayKumar" failures="0" tests="1" name="LenskartApp.ToVerifyTheContactLensIsOrderedTest" time="90.425" errors="0" timestamp="2022-07-14T17:13:49 IST" skipped="0">
  <testcase classname="LenskartApp.ToVerifyTheContactLensIsOrderedTest" name="buytheContactLensTest" time="90.425"/>
  <system-out/>
</testsuite> <!-- LenskartApp.ToVerifyTheContactLensIsOrderedTest -->
