<?xml version="1.0" encoding="UTF-8"?>
<!-- Generated by org.testng.reporters.JUnitReportReporter -->
<testsuite hostname="VijayKumar" failures="0" tests="1" name="driverMethod.ToCreateAndVerifyApiDemosAppTest" time="53.338" errors="0" timestamp="2022-07-07T10:27:49 IST" skipped="0">
  <testcase classname="driverMethod.ToCreateAndVerifyApiDemosAppTest" name="apiDemos" time="53.338"/>
  <system-out/>
</testsuite> <!-- driverMethod.ToCreateAndVerifyApiDemosAppTest -->
