<?xml version="1.0" encoding="UTF-8"?>
<!-- Generated by org.testng.reporters.JUnitReportReporter -->
<testsuite hostname="VijayKumar" failures="0" tests="1" name="AmzonApp.ToVerifyTheProductInAmzonApp" time="45.894" errors="0" timestamp="2022-07-12T12:31:52 IST" skipped="0">
  <testcase classname="AmzonApp.ToVerifyTheProductInAmzonApp" name="facebookLogin" time="45.894"/>
  <system-out/>
</testsuite> <!-- AmzonApp.ToVerifyTheProductInAmzonApp -->
