<?xml version="1.0" encoding="UTF-8"?>
<!-- Generated by org.testng.reporters.JUnitReportReporter -->
<testsuite hostname="VijayKumar" failures="0" tests="1" name="driverMethod.ToPerformKeyboardActions" time="49.021" errors="0" timestamp="2022-07-08T15:42:27 IST" skipped="0">
  <testcase classname="driverMethod.ToPerformKeyboardActions" name="keyboardActions" time="49.021"/>
  <system-out/>
</testsuite> <!-- driverMethod.ToPerformKeyboardActions -->
