<?xml version="1.0" encoding="UTF-8"?>
<!-- Generated by org.testng.reporters.JUnitReportReporter -->
<testsuite hostname="VijayKumar" failures="0" tests="1" name="driverMethod.ApiDemosDragAndDrop" time="35.796" errors="0" timestamp="2022-07-12T12:46:21 IST" skipped="0">
  <testcase classname="driverMethod.ApiDemosDragAndDrop" name="toMoveElement" time="35.796"/>
  <system-out/>
</testsuite> <!-- driverMethod.ApiDemosDragAndDrop -->
