<?xml version="1.0" encoding="UTF-8"?>
<!-- Generated by org.testng.reporters.JUnitReportReporter -->
<testsuite hostname="VijayKumar" failures="0" tests="1" name="driverMethod.Swipe" time="22.054" errors="0" timestamp="2022-07-12T12:31:52 IST" skipped="0">
  <testcase classname="driverMethod.Swipe" name="toSwipeAction" time="22.054"/>
  <system-out/>
</testsuite> <!-- driverMethod.Swipe -->
