<?xml version="1.0" encoding="UTF-8"?>
<!-- Generated by org.testng.reporters.JUnitReportReporter -->
<testsuite hostname="VijayKumar" failures="0" tests="2" name="ParallelExecution.ApiDemosIntwoDevices" time="57.790" errors="0" timestamp="2022-07-12T11:37:32 IST" skipped="0">
  <testcase classname="ParallelExecution.ApiDemosIntwoDevices" name="apiDemos" time="32.658"/>
  <system-out/>
  <testcase classname="ParallelExecution.ApiDemosIntwoDevices" name="apiDemos" time="25.132"/>
  <system-out/>
</testsuite> <!-- ParallelExecution.ApiDemosIntwoDevices -->
