<?xml version="1.0" encoding="UTF-8"?>
<!-- Generated by org.testng.reporters.JUnitReportReporter -->
<testsuite hostname="VijayKumar" failures="0" tests="1" name="driverMethod.ToSwipeAction" time="25.393" errors="0" timestamp="2022-07-08T09:48:11 IST" skipped="0">
  <testcase classname="driverMethod.ToSwipeAction" name="toSwipeAction" time="25.393"/>
  <system-out/>
</testsuite> <!-- driverMethod.ToSwipeAction -->
