<?xml version="1.0" encoding="UTF-8"?>
<!-- Generated by org.testng.reporters.JUnitReportReporter -->
<testsuite hostname="VijayKumar" failures="0" tests="1" name="driverMethod.GeneralStore" time="68.691" errors="0" timestamp="2022-07-12T12:46:21 IST" skipped="0">
  <testcase classname="driverMethod.GeneralStore" name="verifytheprice" time="68.691"/>
  <system-out/>
</testsuite> <!-- driverMethod.GeneralStore -->
