<?xml version="1.0" encoding="UTF-8"?>
<!-- Generated by org.testng.reporters.JUnitReportReporter -->
<testsuite hostname="VijayKumar" failures="0" tests="1" name="driverMethod.ToVerifyTheNotificationsOfApiDemos" time="33.633" errors="0" timestamp="2022-07-08T12:27:14 IST" skipped="0">
  <testcase classname="driverMethod.ToVerifyTheNotificationsOfApiDemos" name="apidemos" time="33.633"/>
  <system-out/>
</testsuite> <!-- driverMethod.ToVerifyTheNotificationsOfApiDemos -->
