<?xml version="1.0" encoding="UTF-8"?>
<!-- Generated by org.testng.reporters.JUnitReportReporter -->
<testsuite hostname="VijayKumar" failures="0" tests="1" name="driverMethod.ToPerformTapActionTheCalcultor" time="17.808" errors="0" timestamp="2022-07-05T16:32:35 IST" skipped="0">
  <testcase classname="driverMethod.ToPerformTapActionTheCalcultor" name="tapaction" time="17.808"/>
  <system-out/>
</testsuite> <!-- driverMethod.ToPerformTapActionTheCalcultor -->
