<?xml version="1.0" encoding="UTF-8"?>
<!-- Generated by org.testng.reporters.JUnitReportReporter -->
<testsuite hostname="VijayKumar" failures="0" tests="1" name="LenskartApp.ToBuyTheContactLens" time="57.641" errors="0" timestamp="2022-07-14T16:15:10 IST" skipped="0">
  <testcase classname="LenskartApp.ToBuyTheContactLens" name="buytheContactLens" time="57.641"/>
  <system-out/>
</testsuite> <!-- LenskartApp.ToBuyTheContactLens -->
