<?xml version="1.0" encoding="UTF-8"?>
<!-- Generated by org.testng.reporters.JUnitReportReporter -->
<testsuite hostname="VijayKumar" failures="0" tests="1" name="driverMethod.UninstallApp" time="7.640" errors="0" timestamp="2022-07-05T14:44:44 IST" skipped="0">
  <testcase classname="driverMethod.UninstallApp" name="uninstallApp" time="7.640"/>
  <system-out/>
</testsuite> <!-- driverMethod.UninstallApp -->
