<?xml version="1.0" encoding="UTF-8"?>
<!-- Generated by org.testng.reporters.JUnitReportReporter -->
<testsuite hostname="VijayKumar" failures="0" tests="1" name="LenskartApp.ToOrderMensSunGlassesTest" time="67.157" errors="0" timestamp="2022-07-15T00:28:19 IST" skipped="0">
  <testcase classname="LenskartApp.ToOrderMensSunGlassesTest" name="toOrderSunGlassesTest" time="67.157"/>
  <system-out/>
</testsuite> <!-- LenskartApp.ToOrderMensSunGlassesTest -->
