<?xml version="1.0" encoding="UTF-8"?>
<!-- Generated by org.testng.reporters.JUnitReportReporter -->
<testsuite hostname="VijayKumar" failures="0" tests="1" name="driverMethod.ToastMessage" time="20.828" errors="0" timestamp="2022-07-08T12:49:00 IST" skipped="0">
  <testcase classname="driverMethod.ToastMessage" name="handletoastMessage" time="20.828"/>
  <system-out/>
</testsuite> <!-- driverMethod.ToastMessage -->
