<?xml version="1.0" encoding="UTF-8"?>
<!-- Generated by org.testng.reporters.JUnitReportReporter -->
<testsuite hostname="VijayKumar" failures="0" tests="1" name="WebApplication.FacebookMobileWebApp" time="23.399" errors="0" timestamp="2022-07-11T12:15:31 IST" skipped="0">
  <testcase classname="WebApplication.FacebookMobileWebApp" name="facebookLogin" time="23.399"/>
  <system-out/>
</testsuite> <!-- WebApplication.FacebookMobileWebApp -->
