<?xml version="1.0" encoding="UTF-8"?>
<!-- Generated by org.testng.reporters.JUnitReportReporter -->
<testsuite hostname="VijayKumar" failures="0" tests="1" name="ToverifyTheBigBasksetProductTest.ToVerifyTheBigBasketProductTest" time="30.450" errors="0" timestamp="2022-07-15T22:32:40 IST" skipped="0">
  <testcase classname="ToverifyTheBigBasksetProductTest.ToVerifyTheBigBasketProductTest" name="toVerifyTheBigBasketTest" time="30.450"/>
  <system-out/>
</testsuite> <!-- ToverifyTheBigBasksetProductTest.ToVerifyTheBigBasketProductTest -->
