<?xml version="1.0" encoding="UTF-8"?>
<!-- Generated by org.testng.reporters.JUnitReportReporter -->
<testsuite hostname="VijayKumar" failures="0" tests="1" name="driverMethod.swipeactions" time="23.729" errors="0" timestamp="2022-07-08T10:50:35 IST" skipped="0">
  <testcase classname="driverMethod.swipeactions" name="toSwipeAction" time="23.729"/>
  <system-out/>
</testsuite> <!-- driverMethod.swipeactions -->
