<?xml version="1.0" encoding="UTF-8"?>
<!-- Generated by org.testng.reporters.JUnitReportReporter -->
<testsuite hostname="VijayKumar" failures="0" tests="1" name="driverMethod.Height" time="13.360" errors="0" timestamp="2022-07-07T23:36:58 IST" skipped="0">
  <testcase classname="driverMethod.Height" name="toSwipeAction" time="13.360"/>
  <system-out/>
</testsuite> <!-- driverMethod.Height -->
