<?xml version="1.0" encoding="UTF-8"?>
<!-- Generated by org.testng.reporters.JUnitReportReporter -->
<testsuite hostname="VijayKumar" failures="0" tests="1" name="driverMethod.SwipeAcions" time="18.378" errors="0" timestamp="2022-07-08T09:46:55 IST" skipped="0">
  <testcase classname="driverMethod.SwipeAcions" name="toSwipeAction" time="18.378"/>
  <system-out/>
</testsuite> <!-- driverMethod.SwipeAcions -->
